#
# There is insufficient memory for the Java Runtime Environment to continue.
# Native memory allocation (mmap) failed to map 4030464 bytes for G1 virtual space
# Possible reasons:
#   The system is out of physical RAM or swap space
#   The process is running with CompressedOops enabled, and the Java Heap may be blocking the growth of the native heap
# Possible solutions:
#   Reduce memory load on the system
#   Increase physical memory or swap space
#   Check if swap backing store is full
#   Decrease Java heap size (-Xmx/-Xms)
#   Decrease number of Java threads
#   Decrease Java thread stack sizes (-Xss)
#   Set larger code cache with -XX:ReservedCodeCacheSize=
#   JVM is running with Zero Based Compressed Oops mode in which the Java heap is
#     placed in the first 32GB address space. The Java Heap base address is the
#     maximum limit for the native heap growth. Please use -XX:HeapBaseMinAddress
#     to set the Java Heap base and to place the Java Heap above 32GB virtual address.
# This output file may be truncated or incomplete.
#
#  Out of Memory Error (os_windows.cpp:3552), pid=50912, tid=28972
#
# JRE version:  (17.0.9+11) (build )
# Java VM: Java HotSpot(TM) 64-Bit Server VM (17.0.9+11-LTS-201, mixed mode, sharing, tiered, compressed oops, compressed class ptrs, g1 gc, windows-amd64)
# No core dump will be written. Minidumps are not enabled by default on client versions of Windows
#

---------------  S U M M A R Y ------------

Command Line: -javaagent:D:\2023idea\IntelliJ IDEA 2023.3.2\lib\idea_rt.jar=27147:D:\2023idea\IntelliJ IDEA 2023.3.2\bin -Dfile.encoding=UTF-8 net.xdclass.video.common.DownFileUtil

Host: AMD Ryzen 7 4800H with Radeon Graphics         , 16 cores, 15G,  Windows 10 , 64 bit Build 19041 (10.0.19041.3636)
Time: Tue Apr 30 09:37:10 2024  Windows 10 , 64 bit Build 19041 (10.0.19041.3636) elapsed time: 0.027732 seconds (0d 0h 0m 0s)

---------------  T H R E A D  ---------------

Current thread (0x000001c55e78afe0):  JavaThread "Unknown thread" [_thread_in_vm, id=28972, stack(0x00000028aaf00000,0x00000028ab000000)]

Stack: [0x00000028aaf00000,0x00000028ab000000]
Native frames: (J=compiled Java code, j=interpreted, Vv=VM code, C=native code)
V  [jvm.dll+0x678a4a]
V  [jvm.dll+0x7d9cfd]
V  [jvm.dll+0x7db60e]
V  [jvm.dll+0x7dbc73]
V  [jvm.dll+0x245e1f]
V  [jvm.dll+0x6758f9]
V  [jvm.dll+0x66a2a2]
V  [jvm.dll+0x303686]
V  [jvm.dll+0x30ac06]
V  [jvm.dll+0x35a4b8]
V  [jvm.dll+0x35a6bf]
V  [jvm.dll+0x2da678]
V  [jvm.dll+0x2db5e4]
V  [jvm.dll+0x7ab6b1]
V  [jvm.dll+0x368041]
V  [jvm.dll+0x78a749]
V  [jvm.dll+0x3ebd4f]
V  [jvm.dll+0x3ed7d1]
C  [jli.dll+0x5297]
C  [ucrtbase.dll+0x21bb2]
C  [KERNEL32.DLL+0x17344]
C  [ntdll.dll+0x526b1]


---------------  P R O C E S S  ---------------

Threads class SMR info:
_java_thread_list=0x00007ff9a97689d8, length=0, elements={
}

Java Threads: ( => current thread )

Other Threads:
  0x000001c55e7f2cb0 GCTaskThread "GC Thread#0" [stack: 0x00000028ab000000,0x00000028ab100000] [id=64192]
  0x000001c55e804930 ConcurrentGCThread "G1 Main Marker" [stack: 0x00000028ab100000,0x00000028ab200000] [id=73312]
  0x000001c55e807900 ConcurrentGCThread "G1 Conc#0" [stack: 0x00000028ab200000,0x00000028ab300000] [id=29916]

[error occurred during error reporting (printing all threads), id 0xc0000005, EXCEPTION_ACCESS_VIOLATION (0xc0000005) at pc=0x00007ff9a8f9b2d7]

VM state: not at safepoint (not fully initialized)

VM Mutex/Monitor currently owned by a thread:  ([mutex/lock_event])
[0x000001c55e7867e0] Heap_lock - owner thread: 0x000001c55e78afe0

Heap address: 0x000000070a000000, size: 3936 MB, Compressed Oops mode: Zero based, Oop shift amount: 3

CDS archive(s) mapped at: [0x0000000000000000-0x0000000000000000-0x0000000000000000), size 0, SharedBaseAddress: 0x0000000800000000, ArchiveRelocationMode: 1.
Narrow klass base: 0x0000000000000000, Narrow klass shift: 0, Narrow klass range: 0x0

GC Precious Log:
<Empty>

Heap:
 garbage-first heap   total 0K, used 0K [0x000000070a000000, 0x0000000800000000)
  region size 2048K, 0 young (0K), 0 survivors (0K)

[error occurred during error reporting (printing heap information), id 0xc0000005, EXCEPTION_ACCESS_VIOLATION (0xc0000005) at pc=0x00007ff9a9382229]

GC Heap History (0 events):
No events

Deoptimization events (0 events):
No events

Classes unloaded (0 events):
No events

Classes redefined (0 events):
No events

Internal exceptions (0 events):
No events

VM Operations (0 events):
No events

Events (1 events):
Event: 0.018 Loaded shared library D:\jdk17\jdk-17.0.9\bin\java.dll


Dynamic libraries:
0x00007ff73b980000 - 0x00007ff73b990000 	D:\jdk17\jdk-17.0.9\bin\java.exe
0x00007ffa39bf0000 - 0x00007ffa39de8000 	C:\Windows\SYSTEM32\ntdll.dll
0x00007ffa37e80000 - 0x00007ffa37f3d000 	C:\Windows\System32\KERNEL32.DLL
0x00007ffa374f0000 - 0x00007ffa377e6000 	C:\Windows\System32\KERNELBASE.dll
0x00007ffa37b20000 - 0x00007ffa37c20000 	C:\Windows\System32\ucrtbase.dll
0x00007ffa33c10000 - 0x00007ffa33c2b000 	D:\jdk17\jdk-17.0.9\bin\VCRUNTIME140.dll
0x00007ffa33bf0000 - 0x00007ffa33c09000 	D:\jdk17\jdk-17.0.9\bin\jli.dll
0x00007ffa37c90000 - 0x00007ffa37d40000 	C:\Windows\System32\ADVAPI32.dll
0x00007ffa37d40000 - 0x00007ffa37dde000 	C:\Windows\System32\msvcrt.dll
0x00007ffa37de0000 - 0x00007ffa37e80000 	C:\Windows\System32\sechost.dll
0x00007ffa38b40000 - 0x00007ffa38c63000 	C:\Windows\System32\RPCRT4.dll
0x00007ffa37430000 - 0x00007ffa37457000 	C:\Windows\System32\bcrypt.dll
0x00007ffa389a0000 - 0x00007ffa38b3f000 	C:\Windows\System32\USER32.dll
0x00007ffa37a40000 - 0x00007ffa37a62000 	C:\Windows\System32\win32u.dll
0x00007ffa38970000 - 0x00007ffa3899b000 	C:\Windows\System32\GDI32.dll
0x00007ffa372a0000 - 0x00007ffa373b7000 	C:\Windows\System32\gdi32full.dll
0x00007ffa37840000 - 0x00007ffa378dd000 	C:\Windows\System32\msvcp_win.dll
0x00007ffa208f0000 - 0x00007ffa20b8a000 	C:\Windows\WinSxS\amd64_microsoft.windows.common-controls_6595b64144ccf1df_6.0.19041.3636_none_60b6a03d71f818d5\COMCTL32.dll
0x00007ffa2f840000 - 0x00007ffa2f84a000 	C:\Windows\SYSTEM32\VERSION.dll
0x00007ffa37fa0000 - 0x00007ffa37fd2000 	C:\Windows\System32\IMM32.DLL
0x00007ffa33f10000 - 0x00007ffa33f1c000 	D:\jdk17\jdk-17.0.9\bin\vcruntime140_1.dll
0x00007ffa05c30000 - 0x00007ffa05cbe000 	D:\jdk17\jdk-17.0.9\bin\msvcp140.dll
0x00007ff9a8cb0000 - 0x00007ff9a9891000 	D:\jdk17\jdk-17.0.9\bin\server\jvm.dll
0x00007ffa39ba0000 - 0x00007ffa39ba8000 	C:\Windows\System32\PSAPI.DLL
0x00007ffa194b0000 - 0x00007ffa194b9000 	C:\Windows\SYSTEM32\WSOCK32.dll
0x00007ffa33420000 - 0x00007ffa33447000 	C:\Windows\SYSTEM32\WINMM.dll
0x00007ffa39b30000 - 0x00007ffa39b9b000 	C:\Windows\System32\WS2_32.dll
0x00007ffa35b10000 - 0x00007ffa35b22000 	C:\Windows\SYSTEM32\kernel.appcore.dll
0x00007ffa33ab0000 - 0x00007ffa33aba000 	D:\jdk17\jdk-17.0.9\bin\jimage.dll
0x00007ffa34e70000 - 0x00007ffa35054000 	C:\Windows\SYSTEM32\DBGHELP.DLL
0x00007ffa246a0000 - 0x00007ffa246d4000 	C:\Windows\SYSTEM32\dbgcore.DLL
0x00007ffa37460000 - 0x00007ffa374e2000 	C:\Windows\System32\bcryptPrimitives.dll
0x00007ffa33390000 - 0x00007ffa3339e000 	D:\jdk17\jdk-17.0.9\bin\instrument.dll
0x00007ffa33a70000 - 0x00007ffa33a95000 	D:\jdk17\jdk-17.0.9\bin\java.dll

dbghelp: loaded successfully - version: 4.0.5 - missing functions: none
symbol engine: initialized successfully - sym options: 0x614 - pdb path: .;D:\jdk17\jdk-17.0.9\bin;C:\Windows\SYSTEM32;C:\Windows\WinSxS\amd64_microsoft.windows.common-controls_6595b64144ccf1df_6.0.19041.3636_none_60b6a03d71f818d5;D:\jdk17\jdk-17.0.9\bin\server

VM Arguments:
jvm_args: -javaagent:D:\2023idea\IntelliJ IDEA 2023.3.2\lib\idea_rt.jar=27147:D:\2023idea\IntelliJ IDEA 2023.3.2\bin -Dfile.encoding=UTF-8 
java_command: net.xdclass.video.common.DownFileUtil
java_class_path (initial): F:\video\target\classes;C:\Users\mate book 13\.m2\repository\org\springframework\boot\spring-boot-starter-web\3.2.4\spring-boot-starter-web-3.2.4.jar;C:\Users\mate book 13\.m2\repository\org\springframework\boot\spring-boot-starter\3.2.4\spring-boot-starter-3.2.4.jar;C:\Users\mate book 13\.m2\repository\org\springframework\boot\spring-boot\3.2.4\spring-boot-3.2.4.jar;C:\Users\mate book 13\.m2\repository\org\springframework\boot\spring-boot-starter-logging\3.2.4\spring-boot-starter-logging-3.2.4.jar;C:\Users\mate book 13\.m2\repository\ch\qos\logback\logback-classic\1.4.14\logback-classic-1.4.14.jar;C:\Users\mate book 13\.m2\repository\ch\qos\logback\logback-core\1.4.14\logback-core-1.4.14.jar;C:\Users\mate book 13\.m2\repository\org\apache\logging\log4j\log4j-to-slf4j\2.21.1\log4j-to-slf4j-2.21.1.jar;C:\Users\mate book 13\.m2\repository\org\apache\logging\log4j\log4j-api\2.21.1\log4j-api-2.21.1.jar;C:\Users\mate book 13\.m2\repository\org\slf4j\jul-to-slf4j\2.0.12\jul-to-slf4j-2.0.12.jar;C:\Users\mate book 13\.m2\repository\jakarta\annotation\jakarta.annotation-api\2.1.1\jakarta.annotation-api-2.1.1.jar;C:\Users\mate book 13\.m2\repository\org\yaml\snakeyaml\2.2\snakeyaml-2.2.jar;C:\Users\mate book 13\.m2\repository\org\springframework\boot\spring-boot-starter-json\3.2.4\spring-boot-starter-json-3.2.4.jar;C:\Users\mate book 13\.m2\repository\com\fasterxml\jackson\core\jackson-databind\2.15.4\jackson-databind-2.15.4.jar;C:\Users\mate book 13\.m2\repository\com\fasterxml\jackson\core\jackson-annotations\2.15.4\jackson-annotations-2.15.4.jar;C:\Users\mate book 13\.m2\repository\com\fasterxml\jackson\core\jackson-core\2.15.4\jackson-core-2.15.4.jar;C:\Users\mate book 13\.m2\repository\com\fasterxml\jackson\datatype\jackson-datatype-jdk8\2.15.4\jackson-datatype-jdk8-2.15.4.jar;C:\Users\mate book 13\.m2\repository\com\fasterxml\jackson\datatype\jackson-datatype-jsr310\2.15.4\jackson-datatype-jsr310-2.15.4.jar;C:\Users\mate book 13\.m2\reposito
Launcher Type: SUN_STANDARD

[Global flags]
     intx CICompilerCount                          = 12                                        {product} {ergonomic}
     uint ConcGCThreads                            = 3                                         {product} {ergonomic}
     uint G1ConcRefinementThreads                  = 13                                        {product} {ergonomic}
   size_t G1HeapRegionSize                         = 2097152                                   {product} {ergonomic}
    uintx GCDrainStackTargetSize                   = 64                                        {product} {ergonomic}
   size_t InitialHeapSize                          = 257949696                                 {product} {ergonomic}
   size_t MarkStackSize                            = 4194304                                   {product} {ergonomic}
   size_t MaxHeapSize                              = 4127195136                                {product} {ergonomic}
   size_t MinHeapDeltaBytes                        = 2097152                                   {product} {ergonomic}
   size_t MinHeapSize                              = 8388608                                   {product} {ergonomic}
    uintx NonNMethodCodeHeapSize                   = 7602480                                {pd product} {ergonomic}
    uintx NonProfiledCodeHeapSize                  = 122027880                              {pd product} {ergonomic}
    uintx ProfiledCodeHeapSize                     = 122027880                              {pd product} {ergonomic}
    uintx ReservedCodeCacheSize                    = 251658240                              {pd product} {ergonomic}
     bool SegmentedCodeCache                       = true                                      {product} {ergonomic}
   size_t SoftMaxHeapSize                          = 4127195136                             {manageable} {ergonomic}
     bool UseCompressedClassPointers               = true                           {product lp64_product} {ergonomic}
     bool UseCompressedOops                        = true                           {product lp64_product} {ergonomic}
     bool UseG1GC                                  = true                                      {product} {ergonomic}
     bool UseLargePagesIndividualAllocation        = false                                  {pd product} {ergonomic}

Logging:
Log output configuration:
 #0: stdout all=warning uptime,level,tags
 #1: stderr all=off uptime,level,tags

Environment Variables:
JAVA_HOME=C:\Program Files\Java\jdk1.8.0_152
PATH=D:\虚拟机\vm17\bin\;C:\Windows\System32;C:\Program Files\MySQL\MySQL Server 8.0\bin;D:\nodejs;C:\Program Files\Git\cmd;D:\;D:\bin\;D:\微信小程序\微信web开发者工具\dll;C:\Users\mate book 13\AppData\Local\Microsoft\WindowsApps;D:\IDEA\IntelliJ IDEA 2022.1.3\bin;;D:\vs code\Microsoft VS Code\bin;C:\Program Files\MySQL\MySQL Server 8.0\bin\bin;D:\IDEA\maven\apache-maven-3.6.1\bin;D:\IDEA\apache-tomcat-8.5.68\bin;C:\Program Files\Java\jdk1.8.0_152\bin;D:\IDEA\maven\apache-maven-3.6.1\bin;C:\Program Files\Java\jdk1.8.0_152\jre\bin;C:\Users\mate book 13\AppData\Roaming\npm;%NODE_PATH;D:\WebStorm 2021.1.1\bin;;C:\Users\mate book 13\AppData\Local\Yarn\bin;D:\新建文件夹\PyCharm 2023.3.4\bin;;D:\erlang\Erlang OTP\erts-14.2.3\bin\bin;
USERNAME=mate book 13
OS=Windows_NT
PROCESSOR_IDENTIFIER=AMD64 Family 23 Model 96 Stepping 1, AuthenticAMD



---------------  S Y S T E M  ---------------

OS:
 Windows 10 , 64 bit Build 19041 (10.0.19041.3636)
OS uptime: 7 days 17:20 hours

CPU: total 16 (initial active 16) (16 cores per cpu, 2 threads per core) family 23 model 96 stepping 1 microcode 0x0, cx8, cmov, fxsr, ht, mmx, 3dnowpref, sse, sse2, sse3, ssse3, sse4a, sse4.1, sse4.2, popcnt, lzcnt, tsc, tscinvbit, avx, avx2, aes, clmul, bmi1, bmi2, adx, sha, fma, vzeroupper, clflush, clflushopt

Memory: 4k page, system-wide physical 15741M (2953M free)
TotalPageFile size 47186M (AvailPageFile size 3M)
current process WorkingSet (physical memory assigned to process): 11M, peak: 11M
current process commit charge ("private bytes"): 321M, peak: 324M

vm_info: Java HotSpot(TM) 64-Bit Server VM (17.0.9+11-LTS-201) for windows-amd64 JRE (17.0.9+11-LTS-201), built on Oct 10 2023 23:16:06 by "mach5one" with MS VC++ 17.1 (VS2022)

END.
